2026-03-19 10:32:29,331 [ERROR] Site check failed for kdual-board-1
Traceback (most recent call last):
  File "C:\Users\adelie\Desktop\Hygino\1_PROJECT\24_tukorea_annouce_watcher\1_PROJECT_FILE\TUKOREA_announce_watcher\announce_watcher\engine.py", line 18, in check_site
    adapter.login()
    ~~~~~~~~~~~~~^^
  File "C:\Users\adelie\Desktop\Hygino\1_PROJECT\24_tukorea_annouce_watcher\1_PROJECT_FILE\TUKOREA_announce_watcher\announce_watcher\sites\playwright_login_board.py", line 63, in login
    page.locator(username_selector).first.fill(str(username))
    ~~~~~~~~~~~~~~~~~~~~~~~~~~~~~~~~~~~~~~~~~~^^^^^^^^^^^^^^^
  File "C:\Users\adelie\Desktop\Hygino\1_PROJECT\24_tukorea_annouce_watcher\1_PROJECT_FILE\TUKOREA_announce_watcher\.venv\Lib\site-packages\playwright\sync_api\_generated.py", line 15983, in fill
    self._sync(
    ~~~~~~~~~~^
        self._impl_obj.fill(
        ^^^^^^^^^^^^^^^^^^^^
            value=value, timeout=timeout, noWaitAfter=no_wait_after, force=force
            ^^^^^^^^^^^^^^^^^^^^^^^^^^^^^^^^^^^^^^^^^^^^^^^^^^^^^^^^^^^^^^^^^^^^
        )
        ^
    )
    ^
  File "C:\Users\adelie\Desktop\Hygino\1_PROJECT\24_tukorea_annouce_watcher\1_PROJECT_FILE\TUKOREA_announce_watcher\.venv\Lib\site-packages\playwright\_impl\_sync_base.py", line 115, in _sync
    return task.result()
           ~~~~~~~~~~~^^
  File "C:\Users\adelie\Desktop\Hygino\1_PROJECT\24_tukorea_annouce_watcher\1_PROJECT_FILE\TUKOREA_announce_watcher\.venv\Lib\site-packages\playwright\_impl\_locator.py", line 215, in fill
    return await self._frame.fill(self._selector, strict=True, **params)
           ^^^^^^^^^^^^^^^^^^^^^^^^^^^^^^^^^^^^^^^^^^^^^^^^^^^^^^^^^^^^^
  File "C:\Users\adelie\Desktop\Hygino\1_PROJECT\24_tukorea_annouce_watcher\1_PROJECT_FILE\TUKOREA_announce_watcher\.venv\Lib\site-packages\playwright\_impl\_frame.py", line 607, in fill
    await self._fill(**locals_to_params(locals()))
  File "C:\Users\adelie\Desktop\Hygino\1_PROJECT\24_tukorea_annouce_watcher\1_PROJECT_FILE\TUKOREA_announce_watcher\.venv\Lib\site-packages\playwright\_impl\_frame.py", line 619, in _fill
    await self._channel.send("fill", self._timeout, locals_to_params(locals()))
  File "C:\Users\adelie\Desktop\Hygino\1_PROJECT\24_tukorea_annouce_watcher\1_PROJECT_FILE\TUKOREA_announce_watcher\.venv\Lib\site-packages\playwright\_impl\_connection.py", line 69, in send
    return await self._connection.wrap_api_call(
           ^^^^^^^^^^^^^^^^^^^^^^^^^^^^^^^^^^^^^
    ...<3 lines>...
    )
    ^
  File "C:\Users\adelie\Desktop\Hygino\1_PROJECT\24_tukorea_annouce_watcher\1_PROJECT_FILE\TUKOREA_announce_watcher\.venv\Lib\site-packages\playwright\_impl\_connection.py", line 559, in wrap_api_call
    raise rewrite_error(error, f"{parsed_st['apiName']}: {error}") from None
playwright._impl._errors.TimeoutError: Locator.fill: Timeout 30000ms exceeded.
Call log:
  - waiting for locator("input[type=\"text\"]").first

2026-03-19 10:33:20,674 [ERROR] Site check failed for kdual-board-1
Traceback (most recent call last):
  File "C:\Users\adelie\Desktop\Hygino\1_PROJECT\24_tukorea_annouce_watcher\1_PROJECT_FILE\TUKOREA_announce_watcher\announce_watcher\engine.py", line 18, in check_site
    adapter.login()
    ~~~~~~~~~~~~~^^
  File "C:\Users\adelie\Desktop\Hygino\1_PROJECT\24_tukorea_annouce_watcher\1_PROJECT_FILE\TUKOREA_announce_watcher\announce_watcher\sites\playwright_login_board.py", line 63, in login
    page.locator(username_selector).first.fill(str(username))
    ~~~~~~~~~~~~~~~~~~~~~~~~~~~~~~~~~~~~~~~~~~^^^^^^^^^^^^^^^
  File "C:\Users\adelie\Desktop\Hygino\1_PROJECT\24_tukorea_annouce_watcher\1_PROJECT_FILE\TUKOREA_announce_watcher\.venv\Lib\site-packages\playwright\sync_api\_generated.py", line 15983, in fill
    self._sync(
    ~~~~~~~~~~^
        self._impl_obj.fill(
        ^^^^^^^^^^^^^^^^^^^^
            value=value, timeout=timeout, noWaitAfter=no_wait_after, force=force
            ^^^^^^^^^^^^^^^^^^^^^^^^^^^^^^^^^^^^^^^^^^^^^^^^^^^^^^^^^^^^^^^^^^^^
        )
        ^
    )
    ^
  File "C:\Users\adelie\Desktop\Hygino\1_PROJECT\24_tukorea_annouce_watcher\1_PROJECT_FILE\TUKOREA_announce_watcher\.venv\Lib\site-packages\playwright\_impl\_sync_base.py", line 115, in _sync
    return task.result()
           ~~~~~~~~~~~^^
  File "C:\Users\adelie\Desktop\Hygino\1_PROJECT\24_tukorea_annouce_watcher\1_PROJECT_FILE\TUKOREA_announce_watcher\.venv\Lib\site-packages\playwright\_impl\_locator.py", line 215, in fill
    return await self._frame.fill(self._selector, strict=True, **params)
           ^^^^^^^^^^^^^^^^^^^^^^^^^^^^^^^^^^^^^^^^^^^^^^^^^^^^^^^^^^^^^
  File "C:\Users\adelie\Desktop\Hygino\1_PROJECT\24_tukorea_annouce_watcher\1_PROJECT_FILE\TUKOREA_announce_watcher\.venv\Lib\site-packages\playwright\_impl\_frame.py", line 607, in fill
    await self._fill(**locals_to_params(locals()))
  File "C:\Users\adelie\Desktop\Hygino\1_PROJECT\24_tukorea_annouce_watcher\1_PROJECT_FILE\TUKOREA_announce_watcher\.venv\Lib\site-packages\playwright\_impl\_frame.py", line 619, in _fill
    await self._channel.send("fill", self._timeout, locals_to_params(locals()))
  File "C:\Users\adelie\Desktop\Hygino\1_PROJECT\24_tukorea_annouce_watcher\1_PROJECT_FILE\TUKOREA_announce_watcher\.venv\Lib\site-packages\playwright\_impl\_connection.py", line 69, in send
    return await self._connection.wrap_api_call(
           ^^^^^^^^^^^^^^^^^^^^^^^^^^^^^^^^^^^^^
    ...<3 lines>...
    )
    ^
  File "C:\Users\adelie\Desktop\Hygino\1_PROJECT\24_tukorea_annouce_watcher\1_PROJECT_FILE\TUKOREA_announce_watcher\.venv\Lib\site-packages\playwright\_impl\_connection.py", line 559, in wrap_api_call
    raise rewrite_error(error, f"{parsed_st['apiName']}: {error}") from None
playwright._impl._errors.TimeoutError: Locator.fill: Timeout 30000ms exceeded.
Call log:
  - waiting for locator("input[type=\"text\"]").first

